Yellow:Yellow
NEW LEVEL:0
Blue:Blue
000000000000000000000000000000000000000000000000000000000000B00000000R000Y0000000000000000000000B0000000000000000000000000000000
Red:Yellow
Yellow:Yellow
Yellow:Red
Yellow:Red
Yellow:Yellow
Blue:Red
Yellow:Blue
Yellow:Yellow
Red:Yellow
Blue:Blue
Blue:Yellow
NEW LEVEL:1
Yellow:Yellow
00000000000000000000000000000000000000000000000000000000000000000000000Y000B00000000R0000000000B0000000R0000000R000Y000000000B00
Yellow:Blue
Red:Blue
Blue:Blue
Yellow:Blue
Red:Blue
Yellow:Yellow
Blue:Yellow
Blue:Yellow
Red:Yellow
Blue:Yellow
Red:Yellow
Red:Red
Red:Yellow
Yellow:Yellow
Yellow:Blue
Blue:Yellow
NEW LEVEL:2
Yellow:Yellow
00000000000000000000000000000000000000000000000000R00000BB000000000000000000R00000000000YY00000000000000BB00R000000000000YR0B000
Yellow:Yellow
Blue:Blue
Blue:Yellow
Yellow:Blue
Red:Yellow
Red:Yellow
Red:Yellow
Red:Yellow
Red:Yellow
Yellow:Blue
Yellow:Yellow
Red:Red
Red:Yellow
Blue:Blue
Yellow:Yellow
Yellow:Yellow
Blue:Blue
Red:Blue
Blue:Blue
Red:Red
Red:Yellow
Blue:Blue
Yellow:Yellow
Yellow:Yellow
Yellow:Yellow
Blue:Blue
Red:Blue
Blue:Red
NEW LEVEL:3
Yellow:Blue
000000000000000000000000000000000000000000000000000B00000000000R0B00000Y0000000Y00BYRR0B00000YB00000000000RY0R00000000Y000000000
Blue:Yellow
Yellow:Blue
Yellow:Red
Red:Blue
Red:Yellow
Red:Blue
Blue:Blue
Red:Yellow
Yellow:Yellow
Yellow:Red
Yellow:Red
Yellow:Red
Yellow:Red
Yellow:Red
Yellow:Red
Yellow:Red
Yellow:Yellow
Blue:Red
Yellow:Blue
Yellow:Yellow
Yellow:Blue
Red:Blue
Yellow:Yellow
Blue:Yellow
Blue:Yellow
Red:Red
Blue:Blue
Blue:Yellow
Blue:Blue
Yellow:Blue
Blue:Yellow
Yellow:Blue
Yellow:Yellow
Yellow:Blue
Blue:Yellow
Red:Yellow
Red:Red
Red:Yellow
NEW LEVEL:4
Red:Yellow
000000000000000000000000000000000000000000000000000000000B00B0000000YB00000R00B000000Y00R0000BR00YB000R0Y0R000B0B000R00Y000B0000
Red:Yellow
Yellow:Red
Blue:Yellow
Blue:Yellow
Red:Red
Yellow:Yellow
Yellow:Yellow
Blue:Yellow
Blue:Blue
Red:Yellow
Blue:Blue
Blue:Red
Yellow:Blue
Yellow:Red
Red:Blue
Red:Red
Blue:Blue
Blue:Red
Red:Yellow
Red:Red
Red:Yellow
Yellow:Yellow
Red:Yellow
Blue:Blue
Blue:Yellow
Blue:Blue
Red:Yellow
Blue:Blue
Blue:Yellow
Yellow:Yellow
Blue:Yellow
Blue:Red
Blue:Yellow
Red:Yellow
Blue:Yellow
Red:Yellow
Red:Red
Red:Red
Red:Yellow
Yellow:Yellow
Red:Yellow
Blue:Blue
Blue:Yellow
NEW LEVEL:5
Blue:Red
000000000000000000000000000000000000000000000000B00000Y000000BB0000Y00B0000YR00BYYR0000YRB0R000Y00000B00Y00BRY0R00Y0000000000000
Blue:Red
Blue:Red
Blue:Yellow
Red:Red
Blue:Blue
Blue:Yellow
Yellow:Yellow
Blue:Yellow
Blue:Yellow
Red:Red
Yellow:Yellow
Yellow:Yellow
Blue:Yellow
Blue:Blue
Red:Yellow
Yellow:Yellow
Yellow:Yellow
Blue:Yellow
Yellow:Yellow
Blue:Yellow
Blue:Red
Blue:Yellow
Red:Red
Blue:Blue
Blue:Yellow
Blue:Blue
Yellow:Blue
Red:Blue
Blue:Blue
Yellow:Blue
Blue:Yellow
Red:Yellow
Red:Red
Red:Yellow
Yellow:Yellow
Yellow:Blue
Blue:Yellow
Yellow:Blue
Yellow:Yellow
Yellow:Blue
Red:Blue
Yellow:Yellow
Blue:Yellow
Blue:Red
Blue:Yellow
Red:Yellow
Red:Blue
Blue:Blue
NEW LEVEL:6
Yellow:Yellow
0000000000000000000000000000000000000000000000000000R0Y000000RR00B0YBRR00B0R0B0RY0RBYY00000000B000Y00R000YYBR0000000BY0000B00000
Yellow:Yellow
Blue:Red
Red:Yellow
Red:Yellow
Yellow:Red
Blue:Yellow
Blue:Yellow
Red:Yellow
Blue:Yellow
Red:Yellow
Red:Red
Red:Yellow
Yellow:Yellow
Red:Yellow
Blue:Blue
Blue:Red
Red:Yellow
Red:Red
Red:Yellow
Yellow:Yellow
Yellow:Blue
Red:Blue
Yellow:Yellow
Blue:Yellow
Blue:Red
Blue:Red
Blue:Red
Blue:Red
Blue:Yellow
Red:Red
Yellow:Yellow
Yellow:Red
Yellow:Red
Yellow:Yellow
Blue:Yellow
Blue:Blue
Red:Yellow
Yellow:Yellow
Yellow:Red
Yellow:Red
Yellow:Red
Yellow:Yellow
Blue:Yellow
Yellow:Yellow
Blue:Yellow
Blue:Red
Blue:Red
Blue:Red
NEW LEVEL:7
Blue:Blue
0000000000000000000000000000000000000000000000000YR00Y000YY000R0RB000R0BR0BYR0B000000000000000R0R00RYY0RB0000000Y00YR0BBY00RYY0R
Blue:Red
Yellow:Blue
Yellow:Yellow
Yellow:Blue
Blue:Yellow
Yellow:Blue
Yellow:Yellow
Red:Yellow
Blue:Blue
Blue:Red
Yellow:Blue
Yellow:Red
Red:Blue
Red:Yellow
Blue:Yellow
Red:Yellow
Red:Red
Red:Yellow
Yellow:Red
Blue:Yellow
Blue:Red
Blue:Red
Blue:Red
Blue:Yellow
Red:Red
Yellow:Yellow
Yellow:Red
Yellow:Yellow
Blue:Yellow
Yellow:Yellow
Blue:Yellow
Blue:Yellow
Red:Yellow
Blue:Yellow
Red:Yellow
Red:Yellow
Yellow:Yellow
Red:Yellow
Blue:Blue
Blue:Yellow
Blue:Blue
Red:Yellow
Blue:Blue
Blue:Red
Yellow:Blue
Yellow:Red
Blue:Yellow
Blue:Red
Blue:Yellow
Red:Red
Yellow:Yellow
Yellow:Yellow
Blue:Yellow
Blue:Blue
Yellow:Blue
Red:Blue
Blue:Blue
Yellow:Blue
Blue:Yellow
Red:Yellow
Red:Yellow
Yellow:Yellow
Yellow:Blue
Blue:Yellow
Yellow:Blue
Yellow:Yellow
Yellow:Blue
Red:Blue
Yellow:Yellow
Blue:Yellow
Blue:Red
Blue:Yellow
NEW LEVEL:8
Blue:Red
0000000000000000000000000000000000000000000000000YR0B00RRRB00Y000000YRR00YYBB0R0B0Y0R00B00R0YB0Y0RB0000Y000B00BRBYR00R0000YR0000
Yellow:Blue
Blue:Blue
Blue:Blue
Red:Blue
Blue:Red
Yellow:Blue
Blue:Blue
Yellow:Yellow
Blue:Blue
Red:Blue
Blue:Red
Yellow:Blue
Blue:Blue
Blue:Blue
Red:Blue
Blue:Blue
Red:Red
Red:Yellow
Blue:Blue
Blue:Blue
Blue:Yellow
Yellow:Red
Blue:Blue
Yellow:Red
Red:Blue
Yellow:Red
Yellow:Yellow
Red:Red
Yellow:Blue
Red:Blue
Yellow:Red
Yellow:Yellow
Red:Blue
Red:Blue
Yellow:Blue
Red:Red
Blue:Blue
Red:Red
Red:Yellow
Blue:Blue
Blue:Blue
Red:Blue
Blue:Blue
Red:Blue
Blue:Yellow
Blue:Yellow
Blue:Yellow
Blue:Yellow
Blue:Yellow
Blue:Yellow
Red:Blue
Red:Yellow
Blue:Red
Blue:Yellow
Yellow:Blue
Yellow:Blue
Blue:Blue
Yellow:Blue
Blue:Red
Blue:Yellow
Yellow:Red
Yellow:Yellow
Red:Blue
Red:Blue
Yellow:Blue
Red:Red
Blue:Red
Yellow:Red
Red:Red
Blue:Blue
Red:Red
Red:Yellow
Blue:Red
NEW LEVEL:9
Blue:Red
000000000000000000000000000000000000000000000000YB0Y00Y0R0Y000R0BY000Y0BB0RRBB00RB0RR0Y0000B000000RYBRR0Y00Y0BY0R0B00Y0BBBR0BY00
Blue:Red
Blue:Red
Blue:Yellow
Red:Red
Blue:Blue
Blue:Red
Yellow:Blue
Yellow:Yellow
Yellow:Blue
Red:Blue
Blue:Blue
Red:Yellow
Blue:Blue
Blue:Red
Yellow:Blue
Yellow:Yellow
Yellow:Blue
Blue:Yellow
Yellow:Blue
Yellow:Yellow
Yellow:Blue
Red:Blue
Yellow:Yellow
Blue:Yellow
Blue:Red
Blue:Yellow
Red:Yellow
Blue:Yellow
Yellow:Blue
Yellow:Red
Red:Blue
Red:Yellow
Blue:Yellow
Red:Yellow
Red:Red
Red:Yellow
Yellow:Red
Blue:Yellow
Blue:Yellow
Red:Yellow
Red:Blue
Blue:Blue
Red:Yellow
Yellow:Yellow
Yellow:Red
Yellow:Yellow
Blue:Red
Yellow:Blue
Yellow:Yellow
Yellow:Blue
Red:Blue
Yellow:Yellow
Blue:Yellow
Blue:Red
Blue:Yellow
Red:Red
Yellow:Yellow
Yellow:Yellow
Blue:Yellow
Yellow:Yellow
Red:Blue
Red:Red
Yellow:Yellow
Yellow:Yellow
Blue:Yellow
Yellow:Yellow
Red:Blue
Red:Red
Blue:Blue
Blue:Yellow
Yellow:Yellow
Red:Blue
Red:Red
Blue:Blue
Blue:Yellow
Blue:Blue
Yellow:Blue
Red:Blue
Blue:Blue
Red:Yellow
Yellow:Yellow
Yellow:Red
Yellow:Yellow
NEW LEVEL:10
Yellow:Blue
0000000000000000000000000000000000000000000000000BRY0000BYRBY00000YR0Y0000BRR0Y0BR0Y0BY0B000YBB00YYB0Y00R000BYRBYBRR00YBYBRR0B00
Blue:Blue
Blue:Blue
Blue:Yellow
Yellow:Red
Blue:Blue
Yellow:Blue
Blue:Red
Blue:Yellow
Yellow:Blue
Yellow:Blue
Yellow:Yellow
Red:Red
Red:Yellow
Blue:Red
Red:Blue
Blue:Blue
Red:Red
Yellow:Blue
Red:Red
Blue:Blue
Red:Blue
Blue:Yellow
Red:Blue
Red:Yellow
Blue:Blue
Blue:Blue
Blue:Yellow
Yellow:Blue
Yellow:Blue
Blue:Blue
Yellow:Red
Red:Red
Blue:Red
Yellow:Blue
Blue:Blue
Yellow:Yellow
Blue:Blue
Blue:Yellow
Yellow:Red
Blue:Blue
Yellow:Blue
Blue:Blue
Yellow:Yellow
Blue:Blue
Blue:Yellow
Yellow:Red
Yellow:Yellow
Red:Blue
Blue:Yellow
Blue:Yellow
Blue:Yellow
Blue:Yellow
Blue:Yellow
Blue:Yellow
Red:Blue
Red:Yellow
Blue:Blue
Yellow:Yellow
Blue:Blue
Blue:Yellow
Yellow:Red
Yellow:Yellow
Red:Red
Red:Yellow
